<?xml version="1.0" encoding="UTF-8"?>
<!-- Generated by org.testng.reporters.JUnitXMLReporter -->
<testsuite ignored="0" hostname="Anand" failures="1" tests="1" name="Test" time="49.639" errors="0" timestamp="2022-12-13T20:22:19 IST">
  <testcase classname="Com_Test.Test_1" name="Test_case1" time="0.235">
    <failure type="java.lang.NullPointerException" message="Cannot invoke &amp;quot;com.aventstack.extentreports.ExtentTest.log(com.aventstack.extentreports.Status, String)&amp;quot; because &amp;quot;Com.Utility.Library.test&amp;quot; is null">
      <![CDATA[java.lang.NullPointerException: Cannot invoke "com.aventstack.extentreports.ExtentTest.log(com.aventstack.extentreports.Status, String)" because "Com.Utility.Library.test" is null
at Com.Utility.Library.custom_Sendkeys(Library.java:27)
at Com_Test.Test_1.Test_case1(Test_1.java:15)
at java.base/java.util.ArrayList.forEach(ArrayList.java:1511)
... Removed 25 stack frames]]>
    </failure>
  </testcase> <!-- Test_case1 -->
</testsuite> <!-- Test -->
